<?xml version="1.0" encoding="UTF-8"?>
<!-- Generated by org.testng.reporters.JUnitReportReporter -->
<testsuite hostname="DESKTOP-HV3UBSC" failures="0" tests="2" name="AmazonAssignment.UsingNormalProgram" time="14.369" errors="0" timestamp="2021-05-21T20:05:02 IST" skipped="1">
  <testcase classname="AmazonAssignment.UsingNormalProgram" name="usingStream" time="14.369"/>
  <system-out/>
  <testcase classname="AmazonAssignment.UsingNormalProgram" name="usingNormalApproach">
    <skipped/>
  </testcase> <!-- usingNormalApproach -->
  <system-out/>
</testsuite> <!-- AmazonAssignment.UsingNormalProgram -->
