<?xml version="1.0" encoding="UTF-8"?>
<!-- Generated by org.testng.reporters.JUnitReportReporter -->
<testsuite hostname="DESKTOP-PMKNADD" failures="0" tests="1" name="SeleniumPractice.ScrollAction" time="22.295" errors="0" timestamp="2021-08-05T15:40:33 IST" skipped="0">
  <testcase classname="SeleniumPractice.ScrollAction" name="openNewTab" time="22.295"/>
  <system-out/>
</testsuite> <!-- SeleniumPractice.ScrollAction -->
