<?xml version="1.0" encoding="UTF-8"?>
<!-- Generated by org.testng.reporters.JUnitReportReporter -->
<testsuite hostname="DESKTOP-PMKNADD" failures="0" tests="2" name="AmazonAssignment.UsingNormalProgramVsStream" time="22.171" errors="0" timestamp="2021-07-17T23:00:57 IST" skipped="1">
  <testcase classname="AmazonAssignment.UsingNormalProgramVsStream" name="usingStream" time="22.171"/>
  <system-out/>
  <testcase classname="AmazonAssignment.UsingNormalProgramVsStream" name="usingNormalApproach">
    <skipped/>
  </testcase> <!-- usingNormalApproach -->
  <system-out/>
</testsuite> <!-- AmazonAssignment.UsingNormalProgramVsStream -->
