<?xml version="1.0" encoding="UTF-8"?>
<!-- Generated by org.testng.reporters.JUnitReportReporter -->
<testsuite hostname="DESKTOP-PMKNADD" failures="0" tests="1" name="ImportantUtility.pegination" time="12.904" errors="0" timestamp="2021-08-01T13:30:58 IST" skipped="0">
  <testcase classname="ImportantUtility.pegination" name="pegination1" time="12.904"/>
  <system-out/>
</testsuite> <!-- ImportantUtility.pegination -->
